<?xml version="1.0" encoding="UTF-8"?>
<testsuite xmlns:xsi="http://www.w3.org/2001/XMLSchema-instance" xsi:noNamespaceSchemaLocation="https://maven.apache.org/surefire/maven-surefire-plugin/xsd/surefire-test-report.xsd" name="ru.zim.ates.common.schemaregistry.RegistryTest" time="1.75" tests="3" errors="0" skipped="0" failures="0">
  <properties>
    <property name="sun.desktop" value="windows"/>
    <property name="awt.toolkit" value="sun.awt.windows.WToolkit"/>
    <property name="java.specification.version" value="11"/>
    <property name="sun.cpu.isalist" value="amd64"/>
    <property name="sun.jnu.encoding" value="Cp1251"/>
    <property name="java.class.path" value="C:\my\projects\ates-app\ates-common\target\test-classes;C:\my\projects\ates-app\ates-common\target\classes;F:\Users\zaharovim\.m2\repository\org\springframework\boot\spring-boot-starter-web\2.5.6\spring-boot-starter-web-2.5.6.jar;F:\Users\zaharovim\.m2\repository\org\springframework\boot\spring-boot-starter-json\2.5.6\spring-boot-starter-json-2.5.6.jar;F:\Users\zaharovim\.m2\repository\org\springframework\boot\spring-boot-starter-tomcat\2.5.6\spring-boot-starter-tomcat-2.5.6.jar;F:\Users\zaharovim\.m2\repository\org\apache\tomcat\embed\tomcat-embed-core\9.0.54\tomcat-embed-core-9.0.54.jar;F:\Users\zaharovim\.m2\repository\org\apache\tomcat\embed\tomcat-embed-el\9.0.54\tomcat-embed-el-9.0.54.jar;F:\Users\zaharovim\.m2\repository\org\apache\tomcat\embed\tomcat-embed-websocket\9.0.54\tomcat-embed-websocket-9.0.54.jar;F:\Users\zaharovim\.m2\repository\org\springframework\spring-web\5.3.12\spring-web-5.3.12.jar;F:\Users\zaharovim\.m2\repository\org\springframework\spring-webmvc\5.3.12\spring-webmvc-5.3.12.jar;F:\Users\zaharovim\.m2\repository\org\springframework\spring-aop\5.3.12\spring-aop-5.3.12.jar;F:\Users\zaharovim\.m2\repository\org\springframework\spring-expression\5.3.12\spring-expression-5.3.12.jar;F:\Users\zaharovim\.m2\repository\org\springframework\boot\spring-boot-starter\2.5.6\spring-boot-starter-2.5.6.jar;F:\Users\zaharovim\.m2\repository\org\springframework\boot\spring-boot\2.5.6\spring-boot-2.5.6.jar;F:\Users\zaharovim\.m2\repository\org\springframework\boot\spring-boot-autoconfigure\2.5.6\spring-boot-autoconfigure-2.5.6.jar;F:\Users\zaharovim\.m2\repository\jakarta\annotation\jakarta.annotation-api\1.3.5\jakarta.annotation-api-1.3.5.jar;F:\Users\zaharovim\.m2\repository\org\springframework\spring-core\5.3.12\spring-core-5.3.12.jar;F:\Users\zaharovim\.m2\repository\org\springframework\spring-jcl\5.3.12\spring-jcl-5.3.12.jar;F:\Users\zaharovim\.m2\repository\org\yaml\snakeyaml\1.28\snakeyaml-1.28.jar;F:\Users\zaharovim\.m2\repository\org\springframework\boot\spring-boot-starter-data-jpa\2.5.6\spring-boot-starter-data-jpa-2.5.6.jar;F:\Users\zaharovim\.m2\repository\org\springframework\boot\spring-boot-starter-aop\2.5.6\spring-boot-starter-aop-2.5.6.jar;F:\Users\zaharovim\.m2\repository\org\aspectj\aspectjweaver\1.9.7\aspectjweaver-1.9.7.jar;F:\Users\zaharovim\.m2\repository\org\springframework\boot\spring-boot-starter-jdbc\2.5.6\spring-boot-starter-jdbc-2.5.6.jar;F:\Users\zaharovim\.m2\repository\com\zaxxer\HikariCP\4.0.3\HikariCP-4.0.3.jar;F:\Users\zaharovim\.m2\repository\org\springframework\spring-jdbc\5.3.12\spring-jdbc-5.3.12.jar;F:\Users\zaharovim\.m2\repository\jakarta\transaction\jakarta.transaction-api\1.3.3\jakarta.transaction-api-1.3.3.jar;F:\Users\zaharovim\.m2\repository\jakarta\persistence\jakarta.persistence-api\2.2.3\jakarta.persistence-api-2.2.3.jar;F:\Users\zaharovim\.m2\repository\org\hibernate\hibernate-core\5.4.32.Final\hibernate-core-5.4.32.Final.jar;F:\Users\zaharovim\.m2\repository\org\jboss\logging\jboss-logging\3.4.2.Final\jboss-logging-3.4.2.Final.jar;F:\Users\zaharovim\.m2\repository\org\javassist\javassist\3.27.0-GA\javassist-3.27.0-GA.jar;F:\Users\zaharovim\.m2\repository\net\bytebuddy\byte-buddy\1.10.22\byte-buddy-1.10.22.jar;F:\Users\zaharovim\.m2\repository\antlr\antlr\2.7.7\antlr-2.7.7.jar;F:\Users\zaharovim\.m2\repository\org\jboss\jandex\2.2.3.Final\jandex-2.2.3.Final.jar;F:\Users\zaharovim\.m2\repository\com\fasterxml\classmate\1.5.1\classmate-1.5.1.jar;F:\Users\zaharovim\.m2\repository\org\dom4j\dom4j\2.1.3\dom4j-2.1.3.jar;F:\Users\zaharovim\.m2\repository\org\hibernate\common\hibernate-commons-annotations\5.1.2.Final\hibernate-commons-annotations-5.1.2.Final.jar;F:\Users\zaharovim\.m2\repository\org\glassfish\jaxb\jaxb-runtime\2.3.5\jaxb-runtime-2.3.5.jar;F:\Users\zaharovim\.m2\repository\org\glassfish\jaxb\txw2\2.3.5\txw2-2.3.5.jar;F:\Users\zaharovim\.m2\repository\com\sun\istack\istack-commons-runtime\3.0.12\istack-commons-runtime-3.0.12.jar;F:\Users\zaharovim\.m2\repository\com\sun\activation\jakarta.activation\1.2.2\jakarta.activation-1.2.2.jar;F:\Users\zaharovim\.m2\repository\org\springframework\data\spring-data-jpa\2.5.6\spring-data-jpa-2.5.6.jar;F:\Users\zaharovim\.m2\repository\org\springframework\data\spring-data-commons\2.5.6\spring-data-commons-2.5.6.jar;F:\Users\zaharovim\.m2\repository\org\springframework\spring-orm\5.3.12\spring-orm-5.3.12.jar;F:\Users\zaharovim\.m2\repository\org\springframework\spring-tx\5.3.12\spring-tx-5.3.12.jar;F:\Users\zaharovim\.m2\repository\org\springframework\spring-aspects\5.3.12\spring-aspects-5.3.12.jar;F:\Users\zaharovim\.m2\repository\org\apache\commons\commons-lang3\3.11\commons-lang3-3.11.jar;F:\Users\zaharovim\.m2\repository\org\springframework\security\oauth\spring-security-oauth2\2.5.0.RELEASE\spring-security-oauth2-2.5.0.RELEASE.jar;F:\Users\zaharovim\.m2\repository\org\springframework\spring-beans\5.3.12\spring-beans-5.3.12.jar;F:\Users\zaharovim\.m2\repository\org\springframework\spring-context\5.3.12\spring-context-5.3.12.jar;F:\Users\zaharovim\.m2\repository\org\springframework\security\spring-security-core\5.5.3\spring-security-core-5.5.3.jar;F:\Users\zaharovim\.m2\repository\org\springframework\security\spring-security-crypto\5.5.3\spring-security-crypto-5.5.3.jar;F:\Users\zaharovim\.m2\repository\org\springframework\security\spring-security-config\5.5.3\spring-security-config-5.5.3.jar;F:\Users\zaharovim\.m2\repository\org\springframework\security\spring-security-web\5.5.3\spring-security-web-5.5.3.jar;F:\Users\zaharovim\.m2\repository\commons-codec\commons-codec\1.15\commons-codec-1.15.jar;F:\Users\zaharovim\.m2\repository\org\springframework\security\spring-security-jwt\1.0.10.RELEASE\spring-security-jwt-1.0.10.RELEASE.jar;F:\Users\zaharovim\.m2\repository\org\bouncycastle\bcpkix-jdk15on\1.60\bcpkix-jdk15on-1.60.jar;F:\Users\zaharovim\.m2\repository\org\bouncycastle\bcprov-jdk15on\1.60\bcprov-jdk15on-1.60.jar;F:\Users\zaharovim\.m2\repository\org\projectlombok\lombok\1.18.22\lombok-1.18.22.jar;F:\Users\zaharovim\.m2\repository\commons-io\commons-io\2.6\commons-io-2.6.jar;F:\Users\zaharovim\.m2\repository\com\networknt\json-schema-validator\1.0.64\json-schema-validator-1.0.64.jar;F:\Users\zaharovim\.m2\repository\com\fasterxml\jackson\core\jackson-databind\2.12.5\jackson-databind-2.12.5.jar;F:\Users\zaharovim\.m2\repository\org\slf4j\slf4j-api\1.7.32\slf4j-api-1.7.32.jar;F:\Users\zaharovim\.m2\repository\org\springframework\boot\spring-boot-starter-test\2.5.6\spring-boot-starter-test-2.5.6.jar;F:\Users\zaharovim\.m2\repository\org\springframework\boot\spring-boot-test\2.5.6\spring-boot-test-2.5.6.jar;F:\Users\zaharovim\.m2\repository\org\springframework\boot\spring-boot-test-autoconfigure\2.5.6\spring-boot-test-autoconfigure-2.5.6.jar;F:\Users\zaharovim\.m2\repository\com\jayway\jsonpath\json-path\2.5.0\json-path-2.5.0.jar;F:\Users\zaharovim\.m2\repository\net\minidev\json-smart\2.4.7\json-smart-2.4.7.jar;F:\Users\zaharovim\.m2\repository\net\minidev\accessors-smart\2.4.7\accessors-smart-2.4.7.jar;F:\Users\zaharovim\.m2\repository\org\ow2\asm\asm\9.1\asm-9.1.jar;F:\Users\zaharovim\.m2\repository\jakarta\xml\bind\jakarta.xml.bind-api\2.3.3\jakarta.xml.bind-api-2.3.3.jar;F:\Users\zaharovim\.m2\repository\jakarta\activation\jakarta.activation-api\1.2.2\jakarta.activation-api-1.2.2.jar;F:\Users\zaharovim\.m2\repository\org\assertj\assertj-core\3.19.0\assertj-core-3.19.0.jar;F:\Users\zaharovim\.m2\repository\org\hamcrest\hamcrest\2.2\hamcrest-2.2.jar;F:\Users\zaharovim\.m2\repository\org\junit\jupiter\junit-jupiter\5.7.2\junit-jupiter-5.7.2.jar;F:\Users\zaharovim\.m2\repository\org\junit\jupiter\junit-jupiter-api\5.7.2\junit-jupiter-api-5.7.2.jar;F:\Users\zaharovim\.m2\repository\org\apiguardian\apiguardian-api\1.1.0\apiguardian-api-1.1.0.jar;F:\Users\zaharovim\.m2\repository\org\opentest4j\opentest4j\1.2.0\opentest4j-1.2.0.jar;F:\Users\zaharovim\.m2\repository\org\junit\platform\junit-platform-commons\1.7.2\junit-platform-commons-1.7.2.jar;F:\Users\zaharovim\.m2\repository\org\junit\jupiter\junit-jupiter-params\5.7.2\junit-jupiter-params-5.7.2.jar;F:\Users\zaharovim\.m2\repository\org\junit\jupiter\junit-jupiter-engine\5.7.2\junit-jupiter-engine-5.7.2.jar;F:\Users\zaharovim\.m2\repository\org\junit\platform\junit-platform-engine\1.7.2\junit-platform-engine-1.7.2.jar;F:\Users\zaharovim\.m2\repository\org\mockito\mockito-core\3.9.0\mockito-core-3.9.0.jar;F:\Users\zaharovim\.m2\repository\net\bytebuddy\byte-buddy-agent\1.10.22\byte-buddy-agent-1.10.22.jar;F:\Users\zaharovim\.m2\repository\org\objenesis\objenesis\3.2\objenesis-3.2.jar;F:\Users\zaharovim\.m2\repository\org\mockito\mockito-junit-jupiter\3.9.0\mockito-junit-jupiter-3.9.0.jar;F:\Users\zaharovim\.m2\repository\org\skyscreamer\jsonassert\1.5.0\jsonassert-1.5.0.jar;F:\Users\zaharovim\.m2\repository\com\vaadin\external\google\android-json\0.0.20131108.vaadin1\android-json-0.0.20131108.vaadin1.jar;F:\Users\zaharovim\.m2\repository\org\springframework\spring-test\5.3.12\spring-test-5.3.12.jar;F:\Users\zaharovim\.m2\repository\org\xmlunit\xmlunit-core\2.8.3\xmlunit-core-2.8.3.jar;F:\Users\zaharovim\.m2\repository\org\springframework\boot\spring-boot-starter-log4j2\2.5.6\spring-boot-starter-log4j2-2.5.6.jar;F:\Users\zaharovim\.m2\repository\org\apache\logging\log4j\log4j-slf4j-impl\2.14.1\log4j-slf4j-impl-2.14.1.jar;F:\Users\zaharovim\.m2\repository\org\apache\logging\log4j\log4j-api\2.14.1\log4j-api-2.14.1.jar;F:\Users\zaharovim\.m2\repository\org\apache\logging\log4j\log4j-core\2.14.1\log4j-core-2.14.1.jar;F:\Users\zaharovim\.m2\repository\org\apache\logging\log4j\log4j-jul\2.14.1\log4j-jul-2.14.1.jar;F:\Users\zaharovim\.m2\repository\org\slf4j\jul-to-slf4j\1.7.32\jul-to-slf4j-1.7.32.jar;F:\Users\zaharovim\.m2\repository\com\fasterxml\jackson\module\jackson-module-parameter-names\2.12.5\jackson-module-parameter-names-2.12.5.jar;F:\Users\zaharovim\.m2\repository\com\fasterxml\jackson\core\jackson-core\2.12.5\jackson-core-2.12.5.jar;F:\Users\zaharovim\.m2\repository\com\fasterxml\jackson\datatype\jackson-datatype-jsr310\2.12.5\jackson-datatype-jsr310-2.12.5.jar;F:\Users\zaharovim\.m2\repository\com\fasterxml\jackson\core\jackson-annotations\2.12.5\jackson-annotations-2.12.5.jar;F:\Users\zaharovim\.m2\repository\com\fasterxml\jackson\datatype\jackson-datatype-jdk8\2.12.5\jackson-datatype-jdk8-2.12.5.jar;"/>
    <property name="java.vm.vendor" value="JetBrains s.r.o"/>
    <property name="sun.arch.data.model" value="64"/>
    <property name="user.variant" value=""/>
    <property name="java.vendor.url" value="https://www.jetbrains.com/"/>
    <property name="user.timezone" value="Europe/Moscow"/>
    <property name="user.country.format" value="RU"/>
    <property name="java.vm.specification.version" value="11"/>
    <property name="os.name" value="Windows 7"/>
    <property name="sun.java.launcher" value="SUN_STANDARD"/>
    <property name="user.country" value="US"/>
    <property name="sun.boot.library.path" value="C:\Program Files\JetBrains\IntelliJ IDEA 2019.3.5\jbr\bin"/>
    <property name="sun.java.command" value="C:\my_temp\surefire15702516186948021522\surefirebooter11365973417280427062.jar C:\my_temp\surefire15702516186948021522 2021-11-18T16-15-07_513-jvmRun1 surefire8144402668450171031tmp surefire_015543207076622347377tmp"/>
    <property name="jdk.debug" value="release"/>
    <property name="surefire.test.class.path" value="C:\my\projects\ates-app\ates-common\target\test-classes;C:\my\projects\ates-app\ates-common\target\classes;F:\Users\zaharovim\.m2\repository\org\springframework\boot\spring-boot-starter-web\2.5.6\spring-boot-starter-web-2.5.6.jar;F:\Users\zaharovim\.m2\repository\org\springframework\boot\spring-boot-starter-json\2.5.6\spring-boot-starter-json-2.5.6.jar;F:\Users\zaharovim\.m2\repository\org\springframework\boot\spring-boot-starter-tomcat\2.5.6\spring-boot-starter-tomcat-2.5.6.jar;F:\Users\zaharovim\.m2\repository\org\apache\tomcat\embed\tomcat-embed-core\9.0.54\tomcat-embed-core-9.0.54.jar;F:\Users\zaharovim\.m2\repository\org\apache\tomcat\embed\tomcat-embed-el\9.0.54\tomcat-embed-el-9.0.54.jar;F:\Users\zaharovim\.m2\repository\org\apache\tomcat\embed\tomcat-embed-websocket\9.0.54\tomcat-embed-websocket-9.0.54.jar;F:\Users\zaharovim\.m2\repository\org\springframework\spring-web\5.3.12\spring-web-5.3.12.jar;F:\Users\zaharovim\.m2\repository\org\springframework\spring-webmvc\5.3.12\spring-webmvc-5.3.12.jar;F:\Users\zaharovim\.m2\repository\org\springframework\spring-aop\5.3.12\spring-aop-5.3.12.jar;F:\Users\zaharovim\.m2\repository\org\springframework\spring-expression\5.3.12\spring-expression-5.3.12.jar;F:\Users\zaharovim\.m2\repository\org\springframework\boot\spring-boot-starter\2.5.6\spring-boot-starter-2.5.6.jar;F:\Users\zaharovim\.m2\repository\org\springframework\boot\spring-boot\2.5.6\spring-boot-2.5.6.jar;F:\Users\zaharovim\.m2\repository\org\springframework\boot\spring-boot-autoconfigure\2.5.6\spring-boot-autoconfigure-2.5.6.jar;F:\Users\zaharovim\.m2\repository\jakarta\annotation\jakarta.annotation-api\1.3.5\jakarta.annotation-api-1.3.5.jar;F:\Users\zaharovim\.m2\repository\org\springframework\spring-core\5.3.12\spring-core-5.3.12.jar;F:\Users\zaharovim\.m2\repository\org\springframework\spring-jcl\5.3.12\spring-jcl-5.3.12.jar;F:\Users\zaharovim\.m2\repository\org\yaml\snakeyaml\1.28\snakeyaml-1.28.jar;F:\Users\zaharovim\.m2\repository\org\springframework\boot\spring-boot-starter-data-jpa\2.5.6\spring-boot-starter-data-jpa-2.5.6.jar;F:\Users\zaharovim\.m2\repository\org\springframework\boot\spring-boot-starter-aop\2.5.6\spring-boot-starter-aop-2.5.6.jar;F:\Users\zaharovim\.m2\repository\org\aspectj\aspectjweaver\1.9.7\aspectjweaver-1.9.7.jar;F:\Users\zaharovim\.m2\repository\org\springframework\boot\spring-boot-starter-jdbc\2.5.6\spring-boot-starter-jdbc-2.5.6.jar;F:\Users\zaharovim\.m2\repository\com\zaxxer\HikariCP\4.0.3\HikariCP-4.0.3.jar;F:\Users\zaharovim\.m2\repository\org\springframework\spring-jdbc\5.3.12\spring-jdbc-5.3.12.jar;F:\Users\zaharovim\.m2\repository\jakarta\transaction\jakarta.transaction-api\1.3.3\jakarta.transaction-api-1.3.3.jar;F:\Users\zaharovim\.m2\repository\jakarta\persistence\jakarta.persistence-api\2.2.3\jakarta.persistence-api-2.2.3.jar;F:\Users\zaharovim\.m2\repository\org\hibernate\hibernate-core\5.4.32.Final\hibernate-core-5.4.32.Final.jar;F:\Users\zaharovim\.m2\repository\org\jboss\logging\jboss-logging\3.4.2.Final\jboss-logging-3.4.2.Final.jar;F:\Users\zaharovim\.m2\repository\org\javassist\javassist\3.27.0-GA\javassist-3.27.0-GA.jar;F:\Users\zaharovim\.m2\repository\net\bytebuddy\byte-buddy\1.10.22\byte-buddy-1.10.22.jar;F:\Users\zaharovim\.m2\repository\antlr\antlr\2.7.7\antlr-2.7.7.jar;F:\Users\zaharovim\.m2\repository\org\jboss\jandex\2.2.3.Final\jandex-2.2.3.Final.jar;F:\Users\zaharovim\.m2\repository\com\fasterxml\classmate\1.5.1\classmate-1.5.1.jar;F:\Users\zaharovim\.m2\repository\org\dom4j\dom4j\2.1.3\dom4j-2.1.3.jar;F:\Users\zaharovim\.m2\repository\org\hibernate\common\hibernate-commons-annotations\5.1.2.Final\hibernate-commons-annotations-5.1.2.Final.jar;F:\Users\zaharovim\.m2\repository\org\glassfish\jaxb\jaxb-runtime\2.3.5\jaxb-runtime-2.3.5.jar;F:\Users\zaharovim\.m2\repository\org\glassfish\jaxb\txw2\2.3.5\txw2-2.3.5.jar;F:\Users\zaharovim\.m2\repository\com\sun\istack\istack-commons-runtime\3.0.12\istack-commons-runtime-3.0.12.jar;F:\Users\zaharovim\.m2\repository\com\sun\activation\jakarta.activation\1.2.2\jakarta.activation-1.2.2.jar;F:\Users\zaharovim\.m2\repository\org\springframework\data\spring-data-jpa\2.5.6\spring-data-jpa-2.5.6.jar;F:\Users\zaharovim\.m2\repository\org\springframework\data\spring-data-commons\2.5.6\spring-data-commons-2.5.6.jar;F:\Users\zaharovim\.m2\repository\org\springframework\spring-orm\5.3.12\spring-orm-5.3.12.jar;F:\Users\zaharovim\.m2\repository\org\springframework\spring-tx\5.3.12\spring-tx-5.3.12.jar;F:\Users\zaharovim\.m2\repository\org\springframework\spring-aspects\5.3.12\spring-aspects-5.3.12.jar;F:\Users\zaharovim\.m2\repository\org\apache\commons\commons-lang3\3.11\commons-lang3-3.11.jar;F:\Users\zaharovim\.m2\repository\org\springframework\security\oauth\spring-security-oauth2\2.5.0.RELEASE\spring-security-oauth2-2.5.0.RELEASE.jar;F:\Users\zaharovim\.m2\repository\org\springframework\spring-beans\5.3.12\spring-beans-5.3.12.jar;F:\Users\zaharovim\.m2\repository\org\springframework\spring-context\5.3.12\spring-context-5.3.12.jar;F:\Users\zaharovim\.m2\repository\org\springframework\security\spring-security-core\5.5.3\spring-security-core-5.5.3.jar;F:\Users\zaharovim\.m2\repository\org\springframework\security\spring-security-crypto\5.5.3\spring-security-crypto-5.5.3.jar;F:\Users\zaharovim\.m2\repository\org\springframework\security\spring-security-config\5.5.3\spring-security-config-5.5.3.jar;F:\Users\zaharovim\.m2\repository\org\springframework\security\spring-security-web\5.5.3\spring-security-web-5.5.3.jar;F:\Users\zaharovim\.m2\repository\commons-codec\commons-codec\1.15\commons-codec-1.15.jar;F:\Users\zaharovim\.m2\repository\org\springframework\security\spring-security-jwt\1.0.10.RELEASE\spring-security-jwt-1.0.10.RELEASE.jar;F:\Users\zaharovim\.m2\repository\org\bouncycastle\bcpkix-jdk15on\1.60\bcpkix-jdk15on-1.60.jar;F:\Users\zaharovim\.m2\repository\org\bouncycastle\bcprov-jdk15on\1.60\bcprov-jdk15on-1.60.jar;F:\Users\zaharovim\.m2\repository\org\projectlombok\lombok\1.18.22\lombok-1.18.22.jar;F:\Users\zaharovim\.m2\repository\commons-io\commons-io\2.6\commons-io-2.6.jar;F:\Users\zaharovim\.m2\repository\com\networknt\json-schema-validator\1.0.64\json-schema-validator-1.0.64.jar;F:\Users\zaharovim\.m2\repository\com\fasterxml\jackson\core\jackson-databind\2.12.5\jackson-databind-2.12.5.jar;F:\Users\zaharovim\.m2\repository\org\slf4j\slf4j-api\1.7.32\slf4j-api-1.7.32.jar;F:\Users\zaharovim\.m2\repository\org\springframework\boot\spring-boot-starter-test\2.5.6\spring-boot-starter-test-2.5.6.jar;F:\Users\zaharovim\.m2\repository\org\springframework\boot\spring-boot-test\2.5.6\spring-boot-test-2.5.6.jar;F:\Users\zaharovim\.m2\repository\org\springframework\boot\spring-boot-test-autoconfigure\2.5.6\spring-boot-test-autoconfigure-2.5.6.jar;F:\Users\zaharovim\.m2\repository\com\jayway\jsonpath\json-path\2.5.0\json-path-2.5.0.jar;F:\Users\zaharovim\.m2\repository\net\minidev\json-smart\2.4.7\json-smart-2.4.7.jar;F:\Users\zaharovim\.m2\repository\net\minidev\accessors-smart\2.4.7\accessors-smart-2.4.7.jar;F:\Users\zaharovim\.m2\repository\org\ow2\asm\asm\9.1\asm-9.1.jar;F:\Users\zaharovim\.m2\repository\jakarta\xml\bind\jakarta.xml.bind-api\2.3.3\jakarta.xml.bind-api-2.3.3.jar;F:\Users\zaharovim\.m2\repository\jakarta\activation\jakarta.activation-api\1.2.2\jakarta.activation-api-1.2.2.jar;F:\Users\zaharovim\.m2\repository\org\assertj\assertj-core\3.19.0\assertj-core-3.19.0.jar;F:\Users\zaharovim\.m2\repository\org\hamcrest\hamcrest\2.2\hamcrest-2.2.jar;F:\Users\zaharovim\.m2\repository\org\junit\jupiter\junit-jupiter\5.7.2\junit-jupiter-5.7.2.jar;F:\Users\zaharovim\.m2\repository\org\junit\jupiter\junit-jupiter-api\5.7.2\junit-jupiter-api-5.7.2.jar;F:\Users\zaharovim\.m2\repository\org\apiguardian\apiguardian-api\1.1.0\apiguardian-api-1.1.0.jar;F:\Users\zaharovim\.m2\repository\org\opentest4j\opentest4j\1.2.0\opentest4j-1.2.0.jar;F:\Users\zaharovim\.m2\repository\org\junit\platform\junit-platform-commons\1.7.2\junit-platform-commons-1.7.2.jar;F:\Users\zaharovim\.m2\repository\org\junit\jupiter\junit-jupiter-params\5.7.2\junit-jupiter-params-5.7.2.jar;F:\Users\zaharovim\.m2\repository\org\junit\jupiter\junit-jupiter-engine\5.7.2\junit-jupiter-engine-5.7.2.jar;F:\Users\zaharovim\.m2\repository\org\junit\platform\junit-platform-engine\1.7.2\junit-platform-engine-1.7.2.jar;F:\Users\zaharovim\.m2\repository\org\mockito\mockito-core\3.9.0\mockito-core-3.9.0.jar;F:\Users\zaharovim\.m2\repository\net\bytebuddy\byte-buddy-agent\1.10.22\byte-buddy-agent-1.10.22.jar;F:\Users\zaharovim\.m2\repository\org\objenesis\objenesis\3.2\objenesis-3.2.jar;F:\Users\zaharovim\.m2\repository\org\mockito\mockito-junit-jupiter\3.9.0\mockito-junit-jupiter-3.9.0.jar;F:\Users\zaharovim\.m2\repository\org\skyscreamer\jsonassert\1.5.0\jsonassert-1.5.0.jar;F:\Users\zaharovim\.m2\repository\com\vaadin\external\google\android-json\0.0.20131108.vaadin1\android-json-0.0.20131108.vaadin1.jar;F:\Users\zaharovim\.m2\repository\org\springframework\spring-test\5.3.12\spring-test-5.3.12.jar;F:\Users\zaharovim\.m2\repository\org\xmlunit\xmlunit-core\2.8.3\xmlunit-core-2.8.3.jar;F:\Users\zaharovim\.m2\repository\org\springframework\boot\spring-boot-starter-log4j2\2.5.6\spring-boot-starter-log4j2-2.5.6.jar;F:\Users\zaharovim\.m2\repository\org\apache\logging\log4j\log4j-slf4j-impl\2.14.1\log4j-slf4j-impl-2.14.1.jar;F:\Users\zaharovim\.m2\repository\org\apache\logging\log4j\log4j-api\2.14.1\log4j-api-2.14.1.jar;F:\Users\zaharovim\.m2\repository\org\apache\logging\log4j\log4j-core\2.14.1\log4j-core-2.14.1.jar;F:\Users\zaharovim\.m2\repository\org\apache\logging\log4j\log4j-jul\2.14.1\log4j-jul-2.14.1.jar;F:\Users\zaharovim\.m2\repository\org\slf4j\jul-to-slf4j\1.7.32\jul-to-slf4j-1.7.32.jar;F:\Users\zaharovim\.m2\repository\com\fasterxml\jackson\module\jackson-module-parameter-names\2.12.5\jackson-module-parameter-names-2.12.5.jar;F:\Users\zaharovim\.m2\repository\com\fasterxml\jackson\core\jackson-core\2.12.5\jackson-core-2.12.5.jar;F:\Users\zaharovim\.m2\repository\com\fasterxml\jackson\datatype\jackson-datatype-jsr310\2.12.5\jackson-datatype-jsr310-2.12.5.jar;F:\Users\zaharovim\.m2\repository\com\fasterxml\jackson\core\jackson-annotations\2.12.5\jackson-annotations-2.12.5.jar;F:\Users\zaharovim\.m2\repository\com\fasterxml\jackson\datatype\jackson-datatype-jdk8\2.12.5\jackson-datatype-jdk8-2.12.5.jar;"/>
    <property name="sun.cpu.endian" value="little"/>
    <property name="user.home" value="F:\Users\zaharovim"/>
    <property name="user.language" value="en"/>
    <property name="java.specification.vendor" value="Oracle Corporation"/>
    <property name="java.version.date" value="2020-01-14"/>
    <property name="java.home" value="C:\Program Files\JetBrains\IntelliJ IDEA 2019.3.5\jbr"/>
    <property name="file.separator" value="\"/>
    <property name="basedir" value="C:\my\projects\ates-app\ates-common"/>
    <property name="java.vm.compressedOopsMode" value="Zero based"/>
    <property name="line.separator" value="&#10;"/>
    <property name="java.specification.name" value="Java Platform API Specification"/>
    <property name="java.vm.specification.vendor" value="Oracle Corporation"/>
    <property name="java.awt.graphicsenv" value="sun.awt.Win32GraphicsEnvironment"/>
    <property name="surefire.real.class.path" value="C:\my_temp\surefire15702516186948021522\surefirebooter11365973417280427062.jar"/>
    <property name="user.script" value=""/>
    <property name="sun.management.compiler" value="HotSpot 64-Bit Tiered Compilers"/>
    <property name="java.runtime.version" value="11.0.6+8-b520.66"/>
    <property name="user.name" value="zaharovim"/>
    <property name="path.separator" value=";"/>
    <property name="os.version" value="6.1"/>
    <property name="java.runtime.name" value="OpenJDK Runtime Environment"/>
    <property name="file.encoding" value="Cp1251"/>
    <property name="java.vm.name" value="OpenJDK 64-Bit Server VM"/>
    <property name="localRepository" value="F:\Users\zaharovim\.m2\repository"/>
    <property name="java.vendor.url.bug" value="https://youtrack.jetbrains.com"/>
    <property name="java.io.tmpdir" value="C:\my_temp\"/>
    <property name="java.version" value="11.0.6"/>
    <property name="user.dir" value="C:\my\projects\ates-app\ates-common"/>
    <property name="os.arch" value="amd64"/>
    <property name="java.vm.specification.name" value="Java Virtual Machine Specification"/>
    <property name="java.awt.printerjob" value="sun.awt.windows.WPrinterJob"/>
    <property name="user.language.format" value="ru"/>
    <property name="sun.os.patch.level" value="Service Pack 1"/>
    <property name="idea.version2019.3.5" value="true"/>
    <property name="java.library.path" value="C:\Program Files\JetBrains\IntelliJ IDEA 2019.3.5\jbr\bin;C:\Windows\Sun\Java\bin;C:\Windows\system32;C:\Windows;C:\Program Files (x86)\Common Files\Oracle\Java\javapath;C:\Program Files (x86)\Python\Scripts\;C:\Program Files (x86)\Python\;C:\Program Files\VanDyke Software\Clients\;C:\Drivers\Ora12_x32\bin;C:\Drivers\Ora12_x64\bin;C:\Program Files (x86)\Borland\Delphi7\Bin;C:\Program Files (x86)\Borland\Delphi7\Projects\Bpl\;C:\Program Files (x86)\DevExpress\Library\Delphi7\;C:\Windows\system32;C:\Windows;C:\Windows\System32\Wbem;C:\Windows\System32\WindowsPowerShell\v1.0\;C:\Program Files\Microsoft SQL Server\110\Tools\Binn\;C:\Program Files (x86)\Microsoft SDKs\TypeScript\1.0\;C:\Program Files\Microsoft SQL Server\120\Tools\Binn\;C:\Program Files (x86)\Microsoft SQL Server\120\Tools\Binn\ManagementStudio\;C:\Program Files (x86)\Microsoft SQL Server\120\Tools\Binn\;C:\Program Files (x86)\Microsoft Visual Studio 12.0\Common7\IDE\PrivateAssemblies\;C:\Program Files (x86)\Microsoft SQL Server\120\DTS\Binn\;C:\Develop\java\jdk18\bin;C:\Develop\java\maven\bin;C:\Develop\java\gradle\bin;C:\Program Files (x86)\Common Files\Citrix\System32;C:\Develop\Git\cmd;C:\Program Files\TortoiseGit\bin;C:\Develop\svn_tools\bin;C:\Program Files\Citrix\System32\;C:\Program Files\Citrix\ICAService\;C:\Windows\system32\config\systemprofile\.dnx\bin;C:\Program Files\Microsoft DNX\Dnvm\;C:\Program Files\Microsoft SQL Server\130\Tools\Binn\;C:\Program Files\Python36\Scripts\;C:\Program Files\Python36\;C:\Program Files (x86)\Kaspersky Lab\Kaspersky Security for Virtualization 3.0 Light Agent Service Pack 1\;C:\Program Files\Citrix\Virtual Desktop Agent\;P:\my\projects\spring-boot-cli-1.2.3.RELEASE-bin\spring-1.2.3.RELEASE\bin;C:\Develop\Git2\cmd;C:\Program Files (x86)\Kaspersky Lab\Kaspersky Security for Virtualization 5.1 Light Agent\;C:\Program Files\nodejs\;F:\Users\zaharovim\AppData\Local\Programs\Fiddler;F:\Users\zaharovim\AppData\Roaming\npm;C:\my\tools\curl\bin;."/>
    <property name="java.vendor" value="JetBrains s.r.o"/>
    <property name="java.vm.info" value="mixed mode, sharing"/>
    <property name="java.vm.version" value="11.0.6+8-b520.66"/>
    <property name="sun.io.unicode.encoding" value="UnicodeLittle"/>
    <property name="maven.repo.local" value="F:\Users\zaharovim\.m2\repository"/>
    <property name="java.class.version" value="55.0"/>
  </properties>
  <testcase name="serializationTest" classname="ru.zim.ates.common.schemaregistry.RegistryTest" time="0.485"/>
  <testcase name="validationTest" classname="ru.zim.ates.common.schemaregistry.RegistryTest" time="0.011"/>
  <testcase name="initResultTest" classname="ru.zim.ates.common.schemaregistry.RegistryTest" time="0.002"/>
</testsuite>